Sender: LSF System <lsfadmin@polus-c3-ib.bmc.hpc.cs.msu.ru>
Subject: Job 901212: <# this file was automaticly created by mpisubmit.pl script for edu-cmc-skmodel22-628-03 #;source /polusfs/setenv/setup.SMPI;#BSUB -n 32;#BSUB -W 00:30;#BSUB -o pl.1.5e-6.32.256.log;#BSUB -e monte_carlo.%J.err;OMP_NUM_THREADS=1 mpiexec monte_carlo 1.5e-6 256> in cluster <MSUCluster> Done

Job <# this file was automaticly created by mpisubmit.pl script for edu-cmc-skmodel22-628-03 #;source /polusfs/setenv/setup.SMPI;#BSUB -n 32;#BSUB -W 00:30;#BSUB -o pl.1.5e-6.32.256.log;#BSUB -e monte_carlo.%J.err;OMP_NUM_THREADS=1 mpiexec monte_carlo 1.5e-6 256> was submitted from host <polus-ib.bmc.hpc.cs.msu.ru> by user <edu-cmc-skmodel22-628-03> in cluster <MSUCluster> at Sun Oct 16 14:10:40 2022
Job was executed on host(s) <18*polus-c3-ib.bmc.hpc.cs.msu.ru>, in queue <short>, as user <edu-cmc-skmodel22-628-03> in cluster <MSUCluster> at Sun Oct 16 17:02:13 2022
                            <14*polus-c2-ib.bmc.hpc.cs.msu.ru>
</home_edu/edu-cmc-skmodel22-628/edu-cmc-skmodel22-628-03> was used as the home directory.
</home_edu/edu-cmc-skmodel22-628/edu-cmc-skmodel22-628-03> was used as the working directory.
Started at Sun Oct 16 17:02:13 2022
Terminated at Sun Oct 16 17:02:18 2022
Results reported at Sun Oct 16 17:02:18 2022

Your job looked like:

------------------------------------------------------------
# LSBATCH: User input
# this file was automaticly created by mpisubmit.pl script for edu-cmc-skmodel22-628-03 #
source /polusfs/setenv/setup.SMPI
#BSUB -n 32
#BSUB -W 00:30
#BSUB -o pl.1.5e-6.32.256.log
#BSUB -e monte_carlo.%J.err
OMP_NUM_THREADS=1 mpiexec monte_carlo 1.5e-6 256

------------------------------------------------------------

Successfully completed.

Resource usage summary:

    CPU time :                                   42.24 sec.
    Max Memory :                                 18 MB
    Average Memory :                             12.33 MB
    Total Requested Memory :                     -
    Delta Memory :                               -
    Max Swap :                                   -
    Max Processes :                              4
    Max Threads :                                9
    Run time :                                   4 sec.
    Turnaround time :                            10298 sec.

The output (if any) follows:

One master process and 31 slave process(es)
Programm result: 1.128275389
Counted error: 9.307891016e-07
Dots count: 7420160
Time: 1.101553537


PS:

Read file <monte_carlo.901212.err> for stderr output of this job.

