Sender: LSF System <lsfadmin@polus-c2-ib.bmc.hpc.cs.msu.ru>
Subject: Job 901325: <# this file was automaticly created by mpisubmit.pl script for edu-cmc-skmodel22-628-03 #;source /polusfs/setenv/setup.SMPI;#BSUB -n 32;#BSUB -W 00:30;#BSUB -o pl.1.0e-12.32.1024.log;#BSUB -e monte_carlo.%J.err;OMP_NUM_THREADS=1 mpiexec monte_carlo 1.0e-12 1024> in cluster <MSUCluster> Exited

Job <# this file was automaticly created by mpisubmit.pl script for edu-cmc-skmodel22-628-03 #;source /polusfs/setenv/setup.SMPI;#BSUB -n 32;#BSUB -W 00:30;#BSUB -o pl.1.0e-12.32.1024.log;#BSUB -e monte_carlo.%J.err;OMP_NUM_THREADS=1 mpiexec monte_carlo 1.0e-12 1024> was submitted from host <polus-ib.bmc.hpc.cs.msu.ru> by user <edu-cmc-skmodel22-628-03> in cluster <MSUCluster> at Sun Oct 16 17:16:39 2022
Job was executed on host(s) <20*polus-c2-ib.bmc.hpc.cs.msu.ru>, in queue <short>, as user <edu-cmc-skmodel22-628-03> in cluster <MSUCluster> at Mon Oct 17 00:58:48 2022
                            <12*polus-c3-ib.bmc.hpc.cs.msu.ru>
</home_edu/edu-cmc-skmodel22-628/edu-cmc-skmodel22-628-03> was used as the home directory.
</home_edu/edu-cmc-skmodel22-628/edu-cmc-skmodel22-628-03> was used as the working directory.
Started at Mon Oct 17 00:58:48 2022
Terminated at Mon Oct 17 01:28:49 2022
Results reported at Mon Oct 17 01:28:49 2022

Your job looked like:

------------------------------------------------------------
# LSBATCH: User input
# this file was automaticly created by mpisubmit.pl script for edu-cmc-skmodel22-628-03 #
source /polusfs/setenv/setup.SMPI
#BSUB -n 32
#BSUB -W 00:30
#BSUB -o pl.1.0e-12.32.1024.log
#BSUB -e monte_carlo.%J.err
OMP_NUM_THREADS=1 mpiexec monte_carlo 1.0e-12 1024

------------------------------------------------------------

TERM_RUNLIMIT: job killed after reaching LSF run time limit.
Exited with exit code 140.

Resource usage summary:

    CPU time :                                   57498.00 sec.
    Max Memory :                                 6677 MB
    Average Memory :                             4228.40 MB
    Total Requested Memory :                     -
    Delta Memory :                               -
    Max Swap :                                   -
    Max Processes :                              37
    Max Threads :                                109
    Run time :                                   1804 sec.
    Turnaround time :                            29530 sec.

The output (if any) follows:

One master process and 31 slave process(es)
--------------------------------------------------------------------------
mpiexec noticed that process rank 27 with PID 67739 on node polus-c3-ib exited on signal 12 (User defined signal 2).
--------------------------------------------------------------------------


PS:

Read file <monte_carlo.901325.err> for stderr output of this job.

