Sender: LSF System <lsfadmin@polus-c2-ib.bmc.hpc.cs.msu.ru>
Subject: Job 901149: <# this file was automaticly created by mpisubmit.pl script for edu-cmc-skmodel22-628-03 #;source /polusfs/setenv/setup.SMPI;#BSUB -n 2;#BSUB -W 00:30;#BSUB -o pl.1.5e-6.2.1.log;#BSUB -e monte_carlo.%J.err;OMP_NUM_THREADS=1 mpiexec monte_carlo 1.5e-6 1> in cluster <MSUCluster> Done

Job <# this file was automaticly created by mpisubmit.pl script for edu-cmc-skmodel22-628-03 #;source /polusfs/setenv/setup.SMPI;#BSUB -n 2;#BSUB -W 00:30;#BSUB -o pl.1.5e-6.2.1.log;#BSUB -e monte_carlo.%J.err;OMP_NUM_THREADS=1 mpiexec monte_carlo 1.5e-6 1> was submitted from host <polus-ib.bmc.hpc.cs.msu.ru> by user <edu-cmc-skmodel22-628-03> in cluster <MSUCluster> at Sun Oct 16 14:10:38 2022
Job was executed on host(s) <2*polus-c2-ib.bmc.hpc.cs.msu.ru>, in queue <short>, as user <edu-cmc-skmodel22-628-03> in cluster <MSUCluster> at Sun Oct 16 14:23:59 2022
</home_edu/edu-cmc-skmodel22-628/edu-cmc-skmodel22-628-03> was used as the home directory.
</home_edu/edu-cmc-skmodel22-628/edu-cmc-skmodel22-628-03> was used as the working directory.
Started at Sun Oct 16 14:23:59 2022
Terminated at Sun Oct 16 14:24:03 2022
Results reported at Sun Oct 16 14:24:03 2022

Your job looked like:

------------------------------------------------------------
# LSBATCH: User input
# this file was automaticly created by mpisubmit.pl script for edu-cmc-skmodel22-628-03 #
source /polusfs/setenv/setup.SMPI
#BSUB -n 2
#BSUB -W 00:30
#BSUB -o pl.1.5e-6.2.1.log
#BSUB -e monte_carlo.%J.err
OMP_NUM_THREADS=1 mpiexec monte_carlo 1.5e-6 1

------------------------------------------------------------

Successfully completed.

Resource usage summary:

    CPU time :                                   3.32 sec.
    Max Memory :                                 122 MB
    Average Memory :                             81.67 MB
    Total Requested Memory :                     -
    Delta Memory :                               -
    Max Swap :                                   -
    Max Processes :                              6
    Max Threads :                                15
    Run time :                                   4 sec.
    Turnaround time :                            805 sec.

The output (if any) follows:

One master process and 1 slave process(es)
Programm result: 1.128275919
Counted error: 1.461583578e-06
Dots count: 50500
Time: 0.903229719


PS:

Read file <monte_carlo.901149.err> for stderr output of this job.

