Sender: LSF System <lsfadmin@polus-c3-ib.bmc.hpc.cs.msu.ru>
Subject: Job 901282: <# this file was automaticly created by mpisubmit.pl script for edu-cmc-skmodel22-628-03 #;source /polusfs/setenv/setup.SMPI;#BSUB -n 2;#BSUB -W 00:30;#BSUB -o pl.1.0e-12.2.8.log;#BSUB -e 1.0e-12.%J.err;OMP_NUM_THREADS=1 mpiexec 1.0e-12 8> in cluster <MSUCluster> Exited

Job <# this file was automaticly created by mpisubmit.pl script for edu-cmc-skmodel22-628-03 #;source /polusfs/setenv/setup.SMPI;#BSUB -n 2;#BSUB -W 00:30;#BSUB -o pl.1.0e-12.2.8.log;#BSUB -e 1.0e-12.%J.err;OMP_NUM_THREADS=1 mpiexec 1.0e-12 8> was submitted from host <polus-ib.bmc.hpc.cs.msu.ru> by user <edu-cmc-skmodel22-628-03> in cluster <MSUCluster> at Sun Oct 16 17:12:28 2022
Job was executed on host(s) <1*polus-c3-ib.bmc.hpc.cs.msu.ru>, in queue <short>, as user <edu-cmc-skmodel22-628-03> in cluster <MSUCluster> at Sun Oct 16 17:12:31 2022
                            <1*polus-c2-ib.bmc.hpc.cs.msu.ru>
</home_edu/edu-cmc-skmodel22-628/edu-cmc-skmodel22-628-03> was used as the home directory.
</home_edu/edu-cmc-skmodel22-628/edu-cmc-skmodel22-628-03> was used as the working directory.
Started at Sun Oct 16 17:12:31 2022
Terminated at Sun Oct 16 17:12:34 2022
Results reported at Sun Oct 16 17:12:34 2022

Your job looked like:

------------------------------------------------------------
# LSBATCH: User input
# this file was automaticly created by mpisubmit.pl script for edu-cmc-skmodel22-628-03 #
source /polusfs/setenv/setup.SMPI
#BSUB -n 2
#BSUB -W 00:30
#BSUB -o pl.1.0e-12.2.8.log
#BSUB -e 1.0e-12.%J.err
OMP_NUM_THREADS=1 mpiexec 1.0e-12 8

------------------------------------------------------------

Exited with exit code 134.

Resource usage summary:

    CPU time :                                   1.04 sec.
    Max Memory :                                 18 MB
    Average Memory :                             12.33 MB
    Total Requested Memory :                     -
    Delta Memory :                               -
    Max Swap :                                   -
    Max Processes :                              4
    Max Threads :                                9
    Run time :                                   3 sec.
    Turnaround time :                            6 sec.

The output (if any) follows:

--------------------------------------------------------------------------
mpiexec was unable to find the specified executable file, and therefore
did not launch the job.  This error was first reported for process
rank 0; it may have occurred for other processes as well.

NOTE: A common cause for this error is misspelling a mpiexec command
      line parameter option (remember that mpiexec interprets the first
      unrecognized command line token as the executable).

Node:       polus-c3-ib
Executable: 1.0e-12
--------------------------------------------------------------------------


PS:

Read file <1.0e-12.901282.err> for stderr output of this job.

Sender: LSF System <lsfadmin@polus-c3-ib.bmc.hpc.cs.msu.ru>
Subject: Job 901307: <# this file was automaticly created by mpisubmit.pl script for edu-cmc-skmodel22-628-03 #;source /polusfs/setenv/setup.SMPI;#BSUB -n 2;#BSUB -W 00:30;#BSUB -o pl.1.0e-12.2.8.log;#BSUB -e monte_carlo.%J.err;OMP_NUM_THREADS=1 mpiexec monte_carlo 1.0e-12 8> in cluster <MSUCluster> Done

Job <# this file was automaticly created by mpisubmit.pl script for edu-cmc-skmodel22-628-03 #;source /polusfs/setenv/setup.SMPI;#BSUB -n 2;#BSUB -W 00:30;#BSUB -o pl.1.0e-12.2.8.log;#BSUB -e monte_carlo.%J.err;OMP_NUM_THREADS=1 mpiexec monte_carlo 1.0e-12 8> was submitted from host <polus-ib.bmc.hpc.cs.msu.ru> by user <edu-cmc-skmodel22-628-03> in cluster <MSUCluster> at Sun Oct 16 17:16:39 2022
Job was executed on host(s) <1*polus-c3-ib.bmc.hpc.cs.msu.ru>, in queue <short>, as user <edu-cmc-skmodel22-628-03> in cluster <MSUCluster> at Sun Oct 16 17:19:23 2022
                            <1*polus-c2-ib.bmc.hpc.cs.msu.ru>
</home_edu/edu-cmc-skmodel22-628/edu-cmc-skmodel22-628-03> was used as the home directory.
</home_edu/edu-cmc-skmodel22-628/edu-cmc-skmodel22-628-03> was used as the working directory.
Started at Sun Oct 16 17:19:23 2022
Terminated at Sun Oct 16 17:46:33 2022
Results reported at Sun Oct 16 17:46:33 2022

Your job looked like:

------------------------------------------------------------
# LSBATCH: User input
# this file was automaticly created by mpisubmit.pl script for edu-cmc-skmodel22-628-03 #
source /polusfs/setenv/setup.SMPI
#BSUB -n 2
#BSUB -W 00:30
#BSUB -o pl.1.0e-12.2.8.log
#BSUB -e monte_carlo.%J.err
OMP_NUM_THREADS=1 mpiexec monte_carlo 1.0e-12 8

------------------------------------------------------------

Successfully completed.

Resource usage summary:

    CPU time :                                   3256.00 sec.
    Max Memory :                                 136 MB
    Average Memory :                             132.98 MB
    Total Requested Memory :                     -
    Delta Memory :                               -
    Max Swap :                                   -
    Max Processes :                              7
    Max Threads :                                19
    Run time :                                   1629 sec.
    Turnaround time :                            1794 sec.

The output (if any) follows:

One master process and 1 slave process(es)
Programm result: 1.128274458
Counted error: 5.468958619e-13
Dots count: 477271984
Time: 1627.123334


PS:

Read file <monte_carlo.901307.err> for stderr output of this job.

