Sender: LSF System <lsfadmin@polus-c2-ib.bmc.hpc.cs.msu.ru>
Subject: Job 901391: <# this file was automaticly created by mpisubmit.pl script for edu-cmc-skmodel22-628-03 #;source /polusfs/setenv/setup.SMPI;#BSUB -n 4;#BSUB -W 00:30;#BSUB -o pl.3.0e-5.4.64.log;#BSUB -e monte_carlo.%J.err;OMP_NUM_THREADS=1 mpiexec monte_carlo 3.0e-5 64> in cluster <MSUCluster> Done

Job <# this file was automaticly created by mpisubmit.pl script for edu-cmc-skmodel22-628-03 #;source /polusfs/setenv/setup.SMPI;#BSUB -n 4;#BSUB -W 00:30;#BSUB -o pl.3.0e-5.4.64.log;#BSUB -e monte_carlo.%J.err;OMP_NUM_THREADS=1 mpiexec monte_carlo 3.0e-5 64> was submitted from host <polus-ib.bmc.hpc.cs.msu.ru> by user <edu-cmc-skmodel22-628-03> in cluster <MSUCluster> at Sun Oct 16 19:22:51 2022
Job was executed on host(s) <4*polus-c2-ib.bmc.hpc.cs.msu.ru>, in queue <short>, as user <edu-cmc-skmodel22-628-03> in cluster <MSUCluster> at Sun Oct 16 19:22:52 2022
</home_edu/edu-cmc-skmodel22-628/edu-cmc-skmodel22-628-03> was used as the home directory.
</home_edu/edu-cmc-skmodel22-628/edu-cmc-skmodel22-628-03> was used as the working directory.
Started at Sun Oct 16 19:22:52 2022
Terminated at Sun Oct 16 19:22:54 2022
Results reported at Sun Oct 16 19:22:54 2022

Your job looked like:

------------------------------------------------------------
# LSBATCH: User input
# this file was automaticly created by mpisubmit.pl script for edu-cmc-skmodel22-628-03 #
source /polusfs/setenv/setup.SMPI
#BSUB -n 4
#BSUB -W 00:30
#BSUB -o pl.3.0e-5.4.64.log
#BSUB -e monte_carlo.%J.err
OMP_NUM_THREADS=1 mpiexec monte_carlo 3.0e-5 64

------------------------------------------------------------

Successfully completed.

Resource usage summary:

    CPU time :                                   2.09 sec.
    Max Memory :                                 7 MB
    Average Memory :                             5.00 MB
    Total Requested Memory :                     -
    Delta Memory :                               -
    Max Swap :                                   -
    Max Processes :                              4
    Max Threads :                                5
    Run time :                                   3 sec.
    Turnaround time :                            3 sec.

The output (if any) follows:

One master process and 3 slave process(es)
Programm result: 1.128289104
Counted error: 1.464645462e-05
Dots count: 50688
Time: 0.03898519836


PS:

Read file <monte_carlo.901391.err> for stderr output of this job.

