Sender: LSF System <lsfadmin@polus-c3-ib.bmc.hpc.cs.msu.ru>
Subject: Job 901200: <# this file was automaticly created by mpisubmit.pl script for edu-cmc-skmodel22-628-03 #;source /polusfs/setenv/setup.SMPI;#BSUB -n 32;#BSUB -W 00:30;#BSUB -o pl.3.0e-5.32.8.log;#BSUB -e monte_carlo.%J.err;OMP_NUM_THREADS=1 mpiexec monte_carlo 3.0e-5 8> in cluster <MSUCluster> Done

Job <# this file was automaticly created by mpisubmit.pl script for edu-cmc-skmodel22-628-03 #;source /polusfs/setenv/setup.SMPI;#BSUB -n 32;#BSUB -W 00:30;#BSUB -o pl.3.0e-5.32.8.log;#BSUB -e monte_carlo.%J.err;OMP_NUM_THREADS=1 mpiexec monte_carlo 3.0e-5 8> was submitted from host <polus-ib.bmc.hpc.cs.msu.ru> by user <edu-cmc-skmodel22-628-03> in cluster <MSUCluster> at Sun Oct 16 14:10:40 2022
Job was executed on host(s) <18*polus-c3-ib.bmc.hpc.cs.msu.ru>, in queue <short>, as user <edu-cmc-skmodel22-628-03> in cluster <MSUCluster> at Sun Oct 16 17:01:28 2022
                            <14*polus-c2-ib.bmc.hpc.cs.msu.ru>
</home_edu/edu-cmc-skmodel22-628/edu-cmc-skmodel22-628-03> was used as the home directory.
</home_edu/edu-cmc-skmodel22-628/edu-cmc-skmodel22-628-03> was used as the working directory.
Started at Sun Oct 16 17:01:28 2022
Terminated at Sun Oct 16 17:01:31 2022
Results reported at Sun Oct 16 17:01:31 2022

Your job looked like:

------------------------------------------------------------
# LSBATCH: User input
# this file was automaticly created by mpisubmit.pl script for edu-cmc-skmodel22-628-03 #
source /polusfs/setenv/setup.SMPI
#BSUB -n 32
#BSUB -W 00:30
#BSUB -o pl.3.0e-5.32.8.log
#BSUB -e monte_carlo.%J.err
OMP_NUM_THREADS=1 mpiexec monte_carlo 3.0e-5 8

------------------------------------------------------------

Successfully completed.

Resource usage summary:

    CPU time :                                   8.00 sec.
    Max Memory :                                 20 MB
    Average Memory :                             13.67 MB
    Total Requested Memory :                     -
    Delta Memory :                               -
    Max Swap :                                   -
    Max Processes :                              6
    Max Threads :                                11
    Run time :                                   2 sec.
    Turnaround time :                            10251 sec.

The output (if any) follows:

One master process and 31 slave process(es)
Programm result: 1.128287935
Counted error: 1.347728178e-05
Dots count: 50592
Time: 0.0222723037


PS:

Read file <monte_carlo.901200.err> for stderr output of this job.

