Sender: LSF System <lsfadmin@polus-c3-ib.bmc.hpc.cs.msu.ru>
Subject: Job 901187: <# this file was automaticly created by mpisubmit.pl script for edu-cmc-skmodel22-628-03 #;source /polusfs/setenv/setup.SMPI;#BSUB -n 16;#BSUB -W 00:30;#BSUB -o pl.5.0e-6.16.256.log;#BSUB -e monte_carlo.%J.err;OMP_NUM_THREADS=1 mpiexec monte_carlo 5.0e-6 256> in cluster <MSUCluster> Done

Job <# this file was automaticly created by mpisubmit.pl script for edu-cmc-skmodel22-628-03 #;source /polusfs/setenv/setup.SMPI;#BSUB -n 16;#BSUB -W 00:30;#BSUB -o pl.5.0e-6.16.256.log;#BSUB -e monte_carlo.%J.err;OMP_NUM_THREADS=1 mpiexec monte_carlo 5.0e-6 256> was submitted from host <polus-ib.bmc.hpc.cs.msu.ru> by user <edu-cmc-skmodel22-628-03> in cluster <MSUCluster> at Sun Oct 16 14:10:39 2022
Job was executed on host(s) <4*polus-c3-ib.bmc.hpc.cs.msu.ru>, in queue <short>, as user <edu-cmc-skmodel22-628-03> in cluster <MSUCluster> at Sun Oct 16 15:39:43 2022
                            <12*polus-c2-ib.bmc.hpc.cs.msu.ru>
</home_edu/edu-cmc-skmodel22-628/edu-cmc-skmodel22-628-03> was used as the home directory.
</home_edu/edu-cmc-skmodel22-628/edu-cmc-skmodel22-628-03> was used as the working directory.
Started at Sun Oct 16 15:39:43 2022
Terminated at Sun Oct 16 15:39:46 2022
Results reported at Sun Oct 16 15:39:46 2022

Your job looked like:

------------------------------------------------------------
# LSBATCH: User input
# this file was automaticly created by mpisubmit.pl script for edu-cmc-skmodel22-628-03 #
source /polusfs/setenv/setup.SMPI
#BSUB -n 16
#BSUB -W 00:30
#BSUB -o pl.5.0e-6.16.256.log
#BSUB -e monte_carlo.%J.err
OMP_NUM_THREADS=1 mpiexec monte_carlo 5.0e-6 256

------------------------------------------------------------

Successfully completed.

Resource usage summary:

    CPU time :                                   9.61 sec.
    Max Memory :                                 237 MB
    Average Memory :                             119.00 MB
    Total Requested Memory :                     -
    Delta Memory :                               -
    Max Swap :                                   -
    Max Processes :                              8
    Max Threads :                                21
    Run time :                                   2 sec.
    Turnaround time :                            5347 sec.

The output (if any) follows:

One master process and 15 slave process(es)
Programm result: 1.128276698
Counted error: 2.239875822e-06
Dots count: 2042880
Time: 0.3274870366


PS:

Read file <monte_carlo.901187.err> for stderr output of this job.

