Sender: LSF System <lsfadmin@polus-c2-ib.bmc.hpc.cs.msu.ru>
Subject: Job 901124: <# this file was automaticly created by mpisubmit.pl script for edu-cmc-skmodel22-628-03 #;source /polusfs/setenv/setup.SMPI;#BSUB -n 1;#BSUB -W 00:30;#BSUB -o pl.5.0e-6.1.1.log;#BSUB -e monte_carlo.%J.err;OMP_NUM_THREADS=1 mpiexec monte_carlo 5.0e-6 1> in cluster <MSUCluster> Done

Job <# this file was automaticly created by mpisubmit.pl script for edu-cmc-skmodel22-628-03 #;source /polusfs/setenv/setup.SMPI;#BSUB -n 1;#BSUB -W 00:30;#BSUB -o pl.5.0e-6.1.1.log;#BSUB -e monte_carlo.%J.err;OMP_NUM_THREADS=1 mpiexec monte_carlo 5.0e-6 1> was submitted from host <polus-ib.bmc.hpc.cs.msu.ru> by user <edu-cmc-skmodel22-628-03> in cluster <MSUCluster> at Sun Oct 16 14:10:37 2022
Job was executed on host(s) <polus-c2-ib.bmc.hpc.cs.msu.ru>, in queue <short>, as user <edu-cmc-skmodel22-628-03> in cluster <MSUCluster> at Sun Oct 16 14:10:41 2022
</home_edu/edu-cmc-skmodel22-628/edu-cmc-skmodel22-628-03> was used as the home directory.
</home_edu/edu-cmc-skmodel22-628/edu-cmc-skmodel22-628-03> was used as the working directory.
Started at Sun Oct 16 14:10:41 2022
Terminated at Sun Oct 16 14:10:45 2022
Results reported at Sun Oct 16 14:10:45 2022

Your job looked like:

------------------------------------------------------------
# LSBATCH: User input
# this file was automaticly created by mpisubmit.pl script for edu-cmc-skmodel22-628-03 #
source /polusfs/setenv/setup.SMPI
#BSUB -n 1
#BSUB -W 00:30
#BSUB -o pl.5.0e-6.1.1.log
#BSUB -e monte_carlo.%J.err
OMP_NUM_THREADS=1 mpiexec monte_carlo 5.0e-6 1

------------------------------------------------------------

Successfully completed.

Resource usage summary:

    CPU time :                                   1.31 sec.
    Max Memory :                                 31 MB
    Average Memory :                             21.67 MB
    Total Requested Memory :                     -
    Delta Memory :                               -
    Max Swap :                                   -
    Max Processes :                              5
    Max Threads :                                12
    Run time :                                   3 sec.
    Turnaround time :                            8 sec.

The output (if any) follows:

Run consistent version
Programm result: 1.12827188
Counted error: 2.57762905e-06
Dots count: 4356
Time: 0.003156730905


PS:

Read file <monte_carlo.901124.err> for stderr output of this job.

